<?xml version="1.0" encoding="UTF-8"?>
<testsuite name="AppTest" tests="1" skipped="0" failures="0" errors="0" timestamp="2025-05-14T13:38:23" hostname="Ubuntu" time="0.018">
  <properties/>
  <testcase name="testAppHasAGreeting" classname="AppTest" time="0.018"/>
  <system-out><![CDATA[]]></system-out>
  <system-err><![CDATA[]]></system-err>
</testsuite>
